1620910905094	geckodriver	INFO	Listening on 127.0.0.1:50982
1620910908180	mozrunner::runner	INFO	Running command: "C:\\Program Files\\Mozilla Firefox\\firefox.exe" "--marionette" "-foreground" "-no-remote" "-profile" "C:\\Users\\wolf-\\AppData\\Local\\Temp\\rust_mozprofiletUNHer"
1620910908565	Marionette	INFO	Marionette enabled
console.warn: SearchSettings: "get: No settings file exists, new profile?" (new Error("", "(unknown module)"))
1620910911116	Marionette	INFO	Listening on port 50990
1620910911359	Marionette	WARN	TLS certificate errors will be ignored for this session
JavaScript error: https://www.chess.com/bundles/app/js/vue.dll.c8e80ff1.js, line 2: Error: Request aborted
JavaScript error: resource:///modules/UrlbarInput.jsm, line 2926: TypeError: event.target.closest is not a function
JavaScript error: https://player.twitch.tv/?channel=chess&autoplay=true&muted=true&parent=www.chess.com, line 1: ChunkLoadError: Loading chunk 51963 failed.
(error: https://static.twitchcdn.net/assets/features.support-panel.components.support-panel-092ab1aeb55fd1a302a5.js)
1620910947276	Marionette	INFO	Stopped listening on port 50990

###!!! [Child][RunMessage] Error: Channel closing: too late to send/recv, messages will be lost

1620910988729	geckodriver	INFO	Listening on 127.0.0.1:51146
1620910991811	mozrunner::runner	INFO	Running command: "C:\\Program Files\\Mozilla Firefox\\firefox.exe" "--marionette" "-foreground" "-no-remote" "-profile" "C:\\Users\\wolf-\\AppData\\Local\\Temp\\rust_mozprofilejrBque"
1620910992227	Marionette	INFO	Marionette enabled
console.warn: SearchSettings: "get: No settings file exists, new profile?" (new Error("", "(unknown module)"))
1620910995148	Marionette	INFO	Listening on port 51156
1620910995499	Marionette	WARN	TLS certificate errors will be ignored for this session
JavaScript error: , line 0: TypeError: NetworkError when attempting to fetch resource.
JavaScript error: https://www.chess.com/bundles/app/js/vue.dll.c8e80ff1.js, line 2: Error: Request aborted
JavaScript error: , line 0: uncaught exception: Object
1620911216073	Marionette	INFO	Stopped listening on port 51156

###!!! [Child][RunMessage] Error: Channel closing: too late to send/recv, messages will be lost

1621957411845	geckodriver	INFO	Listening on 127.0.0.1:61269
1621957414875	mozrunner::runner	INFO	Running command: "C:\\Program Files\\Mozilla Firefox\\firefox.exe" "--marionette" "-foreground" "-no-remote" "-profile" "C:\\Users\\wolf-\\AppData\\Local\\Temp\\rust_mozprofilefdl6SW"
1621957415255	Marionette	INFO	Marionette enabled
console.warn: SearchSettings: "get: No settings file exists, new profile?" (new Error("", "(unknown module)"))
1621957417800	Marionette	INFO	Listening on port 61279
1621957418061	Marionette	WARN	TLS certificate errors will be ignored for this session
JavaScript error: https://www.chess.com/bundles/app/js/vue.dll.2605f179.js, line 2: Error: Request aborted
JavaScript warning: https://www.chess.com/bundles/app/js/security.client.9c48883e.js, line 2: WebGL context was lost.
JavaScript warning: https://www.chess.com/bundles/app/js/security.client.9c48883e.js, line 2: WebGL context was lost.
JavaScript warning: https://www.chess.com/bundles/app/js/security.client.9c48883e.js, line 2: WebGL context was lost.
JavaScript warning: https://www.chess.com/bundles/app/js/security.client.9c48883e.js, line 2: WebGL context was lost.
JavaScript error: resource://gre/modules/media/PeerConnection.jsm, line 510: NS_ERROR_FAILURE: 
JavaScript warning: https://www.chess.com/bundles/app/js/security.client.9c48883e.js, line 2: WebGL context was lost.
JavaScript warning: https://www.chess.com/bundles/app/js/security.client.9c48883e.js, line 2: WebGL context was lost.
JavaScript warning: https://www.chess.com/bundles/app/js/security.client.9c48883e.js, line 2: WebGL context was lost.
JavaScript warning: https://www.chess.com/bundles/app/js/security.client.9c48883e.js, line 2: WebGL context was lost.
JavaScript error: resource://gre/modules/media/PeerConnection.jsm, line 510: NS_ERROR_FAILURE: 
JavaScript warning: https://www.chess.com/bundles/app/js/security.client.9c48883e.js, line 2: WebGL context was lost.
JavaScript warning: https://www.chess.com/bundles/app/js/security.client.9c48883e.js, line 2: WebGL context was lost.
JavaScript warning: https://www.chess.com/bundles/app/js/security.client.9c48883e.js, line 2: WebGL context was lost.
JavaScript warning: https://www.chess.com/bundles/app/js/security.client.9c48883e.js, line 2: WebGL context was lost.
JavaScript error: resource://gre/modules/media/PeerConnection.jsm, line 510: NS_ERROR_FAILURE: 
JavaScript error: https://www.chess.com/bundles/app/js/core.dll.d02aa959.js, line 2: Error: Request aborted
JavaScript error: https://www.chess.com/bundles/app/js/core.dll.d02aa959.js, line 2: Error: Request aborted
1621957667549	Marionette	INFO	Stopped listening on port 61279

###!!! [Child][RunMessage] Error: Channel closing: too late to send/recv, messages will be lost

